19:33:02.396 [main] INFO  GenerateLogData$ - Log data generator started...
19:33:02.535 [main] WARN  HelperUtils.Parameters$ - Max count 100 is used to create records instead of timeouts
19:33:04.687 [scala-execution-context-global-14] WARN  HelperUtils.Parameters$ - wE'PA:!sz'O"gg.U,(:%q~I5uM9qS8tO7rbe2:yoz$j5~dlQ<.d=ZAHc#K[
19:33:14.676 [scala-execution-context-global-14] INFO  HelperUtils.Parameters$ - ]Dw4r7wBWp)G5gce1R8rN9nE8wI8kD8pmG4x+D|kU03
19:33:21.343 [scala-execution-context-global-14] INFO  HelperUtils.Parameters$ - p=|u?Bae2bg2B9fcg3H7oag1ag1U7mG9pG6fcliI<t
19:33:25.730 [scala-execution-context-global-14] INFO  HelperUtils.Parameters$ - 1%&\rr+-C`(Crx#y$VA>gFHr2bf0U9jJ7fF8wI9hcPjbyJOf3H.YQvrO7PI-*\2E2
19:33:30.286 [scala-execution-context-global-14] WARN  HelperUtils.Parameters$ - ?Old*HS7laf1T7jI6tcf2su8I3k
19:33:39.731 [scala-execution-context-global-14] DEBUG HelperUtils.Parameters$ - @KQhLD/4/Z.+AEsr1zKj$"Q9pW6jH9gA6wT7rx"^Wl2H24v)9%--_%[rrd+
19:33:49.623 [scala-execution-context-global-14] INFO  HelperUtils.Parameters$ - H#Oo]6$}/Ian?s}l)c}+M~#P?d{X7fH6kbg1ag2cf3(eNl!B\[*#G)i}N;uuz|W}/~tmY
19:33:55.503 [scala-execution-context-global-14] INFO  HelperUtils.Parameters$ - c>;{>?<N:>0>mdZY9jce0U8fE5hbg2ce3H8ocf1bf3`iqr3%A6!g.&pqU
19:34:04.606 [scala-execution-context-global-14] INFO  HelperUtils.Parameters$ - %/=SD"Wz8FUYE^sae2Q9vcg3ag2af0odhV1.hyQ&eSW.z
19:34:13.682 [scala-execution-context-global-14] WARN  HelperUtils.Parameters$ - [3b"\6{ho"~Py=lsR;d`a4HD{1uaf3bg1G9oL7qbg0K8i[%1g96q8-QHN\<3vLz=pcG8Eu\&
19:34:20.284 [scala-execution-context-global-14] ERROR HelperUtils.Parameters$ - s[r_CT%-"'^~XT"62VUKBx]ag0N5mag2T8kR6wN6f/`Z{LseehHRxpmj7UY-/{W`
19:34:24.153 [scala-execution-context-global-14] INFO  HelperUtils.Parameters$ - 4V6trB<"q9T+I&f'HK`Y_s1i+Gce0ce0bf3P8tW5lH9scg2xB3/~HO,SRx9=59UJ/[jD2qA9M
19:34:32.204 [scala-execution-context-global-14] WARN  HelperUtils.Parameters$ - 29f`r:G!9"Yl7A^sYDq0._1VCN/LU7ube2ce1C8lL5r\:E*FNuka6u=RW@\\Z,He2N0o(,=
19:34:36.778 [scala-execution-context-global-14] INFO  HelperUtils.Parameters$ - ,4oA\3cg2Z9nbg3I9fY7nhfKMeH
19:34:38.071 [scala-execution-context-global-14] INFO  HelperUtils.Parameters$ - d$X6-+`jU<Sl5U6iS7pbg2F9fT9nR5qbe1ce0bf1vSn"]"5iLf5ry
19:34:45.738 [scala-execution-context-global-14] WARN  HelperUtils.Parameters$ - @)OQwf1*RpSr95\6NS9fO5rD8wbf0I7v986<gQ_sDb/c)?@Nn
19:34:52.910 [scala-execution-context-global-14] WARN  HelperUtils.Parameters$ - &]~,dv,ui%bg3W9wag0bg2be3be3f&;_d0c6Ds
19:34:56.362 [scala-execution-context-global-14] INFO  HelperUtils.Parameters$ - eK-a&P?}?:zK^*~a~2fwTR2dZ5lU9mcg2H9mbg2IAZ]%C*mXE;)QW4}s.Syq+q-
19:35:04.431 [scala-execution-context-global-14] DEBUG HelperUtils.Parameters$ - @l-'04:%k^"+NnAo.*Qiyf1$,!S_cf3F7qcf3S9fbg3C5ube0G5gcg1G8jM7gce0C1Z@omr&WwI&j|,BNI8Ge~{ttVC}
19:35:09.805 [scala-execution-context-global-14] WARN  HelperUtils.Parameters$ - xc[zP')db9Qfc(xvrp2ap<|syI5mL6pcg1L9lce3ag3U9nE9tX9hce3af0cx1]ABV=-}7LPV(v#Z4J3pj)=
19:35:15.367 [scala-execution-context-global-14] INFO  HelperUtils.Parameters$ - 7+0>ji$PF8qU7wO8jbf2W5uQ8tR8m.QoyO>]}
19:35:21.408 [scala-execution-context-global-14] DEBUG HelperUtils.Parameters$ - =!{cDR^PA8h[r|"gO5pcg2E6jaf0P7gE6obf1Jr7YSAwZ_k/<mul]
19:35:24.669 [scala-execution-context-global-14] INFO  HelperUtils.Parameters$ - ]ay+f5<qwU?EFz'MiExJ\@FW[AN9fbg3G7wO6lag2ag0Fp*}P%u^.bL$szm;{0:fCiS>f6
19:35:30.476 [scala-execution-context-global-14] INFO  HelperUtils.Parameters$ - lbeRRoo<Sni]]>ZN9hU5paf3P5qae3bf0O5uj%4MsLz'!CjT;B*
19:35:38.026 [scala-execution-context-global-14] INFO  HelperUtils.Parameters$ - 0\pl}9ER)%u6%U3}.8Hpl*ae2B5vae1U9hbg3bg0y~t:{UzJkXP@N&c0FhQ]6,
19:45:40.161 [scala-execution-context-global-14] ERROR  HelperUtils.Parameters$ - {Mcj7sW5gK5rU6tH8fbg1cf1I6g%A0k3J
19:35:43.350 [scala-execution-context-global-14] WARN  HelperUtils.Parameters$ - ,bXK!6qY_1&'Axc2q?ag1bg3bg0af2Q9vG}+]AL7M!|"1'C$*m?
19:35:51.258 [scala-execution-context-global-14] INFO  HelperUtils.Parameters$ - ZsR<8R26^)Y5Sp<-oK,a.6!a0D5vV8wae3ce0bf1M5t\;j`u&<wVCos,kCt5(}loZ++b
19:35:54.543 [scala-execution-context-global-14] INFO  HelperUtils.Parameters$ - 3LmST76o|WDV?>Gl697Md#W'::cf2be1Y6hB6kZ8iD9taf3A9sA6nW6lZ9vaf2ag2ag1V7m%(D,CDj+9/Q"|4pwTj]]NE]~QR
19:35:58.742 [scala-execution-context-global-14] ERROR  HelperUtils.Parameters$ - 4)uJ9TPj2$gc[`ic}FU7nR7wX6saf2N5mcf2H6n+_'M/hsYJM+nz`z>El
20:35:01.087 [scala-execution-context-global-14] ERROR HelperUtils.Parameters$ - KR%v$1~}c>;-Uf"fag0ce2C7iae3C9rB8vag06hw"gacZ8|c)W{OG
19:36:09.114 [scala-execution-context-global-14] WARN  HelperUtils.Parameters$ - MM#pp{<8TaH>1e)w=[H-+<`HndZ(r!cf3bg0N6pK9rQ8snH8&|N}EL@j_D?h<54:pxF6*o:u},!
19:36:14.940 [scala-execution-context-global-14] WARN  HelperUtils.Parameters$ - hLld7P81F$7uFbuE5pX6ucg3Z5gbf3iV;sV8Z5o6~N7p2
19:36:17.052 [scala-execution-context-global-14] INFO  HelperUtils.Parameters$ - aM^dhBg:|9UbvB0]}=+>zFLCt8eIae0T7jbg2cf1I5kcf3O#@SJo>m50$Ys$v9g]|fWV]OF`Vo
19:36:26.291 [scala-execution-context-global-14] INFO  HelperUtils.Parameters$ - (Rt6it#{ag0cf1P6oX9vae1ag1%M9*.3G$
19:36:31.037 [scala-execution-context-global-14] INFO  HelperUtils.Parameters$ - 2Xzz1{p?[E5waf2bf1cg3be29UWFDZMIY
19:36:33.693 [scala-execution-context-global-14] WARN  HelperUtils.Parameters$ - Vq]'F|*:y1as|<=lcf2cg1J7rce2W8moGgXf[Z2E]J[e}Jz
19:36:40.601 [scala-execution-context-global-14] WARN  HelperUtils.Parameters$ - 9967=`.qljmVIr=7;af{ag0S6scf1cf2ae0Q]!.I:v6I"_\jDFUS3VD
19:36:47.873 [scala-execution-context-global-14] DEBUG HelperUtils.Parameters$ - 0XP_R<lvR+PONbg2Y6sV7pbf3R8maf2bg0cf0af2X5h#--Q7zhCb5[O[
19:36:57.772 [scala-execution-context-global-14] INFO  HelperUtils.Parameters$ - [(+~aPl-)^=1Mv-Ybt{K|JUZ6gL7pae2be1be0Ao<)">#S.aN`~`!U0PeeApy
19:37:05.208 [scala-execution-context-global-14] WARN  HelperUtils.Parameters$ - J.!hbXAHW~QR/:Kr4JI8qbg1cf1be0G6wI7sbe2cg2X*)#E69;~hv>S*o"94
19:37:08.762 [scala-execution-context-global-14] INFO  HelperUtils.Parameters$ - VFdVvUjj;'@|Sz)*lr|N6uU8tag1be3L6fjvG<v|oEGsbkc4:_E"1
19:37:10.248 [scala-execution-context-global-14] INFO  HelperUtils.Parameters$ - (Do~}9Y8uF&3<a[13=[Tbg0ce0cg3cg2ae0bg3ag0N9uz,k.Hn&-X!X8UBK8FA;m
19:37:18.482 [scala-execution-context-global-14] INFO  HelperUtils.Parameters$ - "N;Ei!&:D$bIT7ubg1cg1cg1G7pIZc{S%5T%+Fr
19:37:25.871 [scala-execution-context-global-14] DEBUG HelperUtils.Parameters$ - '%_DC(yjJsgwpIMdA3r'"{4{@{=T[*U9wH7jcf2H7nce0(cx~u-p}dVr8"W]IX_LIG0Be}p=MKj
19:37:34.131 [scala-execution-context-global-14] WARN  HelperUtils.Parameters$ - /,V:{O@Kg0c!C6&0&cf1Y5nY5lbf2cf2!!PKSS1>dX;9`,-Vl
19:37:41.835 [scala-execution-context-global-14] INFO  HelperUtils.Parameters$ - xqh($A<]Tr,o2;a/6PS@FZ8mcf3E9lcf1X9wag3B9gbf0cg0v;'c6EYlqh:S>f|i6"P+B
19:37:45.700 [scala-execution-context-global-14] INFO  HelperUtils.Parameters$ - Erb.J~3{mZ}})Bm=}Ube2V8jH6qae2S6w99@wAhS4388I3_/ZDw
19:37:47.437 [scala-execution-context-global-14] INFO  HelperUtils.Parameters$ - [/-h0=~Iud%CJ|rKWd%|mQ+be0N8iaf2H8kce0be3nwnw?qBxCZrIHY~na<iQ;B|
19:37:54.228 [scala-execution-context-global-14] INFO  HelperUtils.Parameters$ - Nmq}~MctHpXkQ-?R7qbf3R8iO8hce1BKp;Eqr:B3X\n0W
19:37:55.993 [scala-execution-context-global-14] INFO  HelperUtils.Parameters$ - h_v2.1CP8jT9wT7fH5vbf2E5ocC>Q#Cd
19:37:58.476 [scala-execution-context-global-14] INFO  HelperUtils.Parameters$ - "f-8y&|o~>rOJ#MRi~L7iae3Q6nK8nI5wG9sbg1af1ag3Z6gce0cg0Hooo.Cm&8M%4:uX,zl
19:38:00.742 [scala-execution-context-global-14] INFO  HelperUtils.Parameters$ - yFGZJ7!gDK7pbe3bf1ae0bg0bf3K6tF9qW9vaf0af1.{3^am{+8
19:38:07.201 [scala-execution-context-global-14] INFO  HelperUtils.Parameters$ - D9<%{k6UNw^I<jJnERa5`2%#.!nE7qJ5pD8kae1af2af1X8jx=Q2)HjX%5{x[\N&HhgwV:WYThC
19:38:08.811 [scala-execution-context-global-14] WARN  HelperUtils.Parameters$ - %>)qJT]*Ca<i&YOC1r(Z<Dbe3af1af1bf1P7gF7iae3ae3J6r.kp}cP`3l0!>EUpJRr3d4g
19:38:14.880 [scala-execution-context-global-14] WARN  HelperUtils.Parameters$ - UDK)XMvMA15:!ag1J5tae2ae2ag0be1cf3V8jbe3R9rGf7S{8{A!4|9#
19:38:21.711 [scala-execution-context-global-14] INFO  HelperUtils.Parameters$ - :Mmy:l\S>C3k!cj!^?++"NPFaf1H6kI8gag2cg0ag2]q}TioJE4ia!)5[nO21EJyME
19:38:23.799 [scala-execution-context-global-14] INFO  HelperUtils.Parameters$ - ks^PTVTiZM{F*Q%L:S`i}?pC$bmD6rZ8nae3S9wcg2I6iF8o$J-oJw?PHt<)ed,;sd\w;8w7E"o
19:38:31.426 [scala-execution-context-global-14] WARN  HelperUtils.Parameters$ - Q5|r=h;E9IGcf1bf1R6vR6mbf0OCeDd<omGUE
19:38:39.834 [scala-execution-context-global-14] WARN  HelperUtils.Parameters$ - ]:\4S"tCGol-0\,i?fH7qaf0ce0G8lU6pJ9uJdv>|_!a}8Z.]2"<:/
19:38:41.175 [scala-execution-context-global-14] INFO  HelperUtils.Parameters$ - *?,l,<=/;0VV5uW5obe1bf0T9jbe2cLeYF!53b]e
19:38:43.871 [scala-execution-context-global-14] INFO  HelperUtils.Parameters$ - ^v,|XI%MSs6~*{SCd+kag2bf0be1Z8rR5hB8hJ8tH6paf0bg1D9m-\zMWrl;SCmbLiE\}iT
19:38:46.862 [scala-execution-context-global-14] INFO  HelperUtils.Parameters$ - C[BvdU&f,S4Le&iE/17RSl*ag1L9jbe1ag0ae0B[T$X!H@LPB6Y`oNF+.^QY*
19:38:49.904 [scala-execution-context-global-14] DEBUG HelperUtils.Parameters$ - W[$lcU5PPR0OGu@6h;}4U(aA2igU8iaf3J6nag1bg3Z7hce1ro0kTUjQ5vI?_d|,CI+Uk5`@5gA
19:38:55.628 [scala-execution-context-global-14] INFO  HelperUtils.Parameters$ - *A?\Q_OQp;w^IH_C6tD5kI5iag0P7vr:"9X7eD$?,0OSg
19:39:04.914 [scala-execution-context-global-14] ERROR  HelperUtils.Parameters$ - s+|w#gw_O:&`>^IPM)[Kwy%{Rk1oowbg3ag3S6mae0U9nQ8nag0G6nbf0R7hV[kM_?c6+gG-gGqXrfDRbEh|I>E`IK
19:39:11.387 [scala-execution-context-global-14] ERROR  HelperUtils.Parameters$ - @`#|R{FRG6nQ5oI7lce0F6lv4L4aBi~
19:39:18.788 [scala-execution-context-global-14] ERROR  HelperUtils.Parameters$ - bXk\VxN"|o8X^:G@4;`{{wCJ-'X\ae0Y7sce2ae0W6oE9iaf0,tA~A/a6>v",Z0`P[|TAMp;x)a6H
19:39:27.295 [scala-execution-context-global-14] INFO  HelperUtils.Parameters$ - ex1q4U:H_^g3F~nbg1be0K7sce0bf2cg3R6uce0:cGiI7Hh5pl}qV%
19:39:31.179 [scala-execution-context-global-14] INFO  HelperUtils.Parameters$ - ?:\L$=!NYvT-]a[u4HWag3W7wC9hbf0D5sae3ae2L[2PWL1i\T+:W=S]3B~
19:39:40.427 [scala-execution-context-global-14] WARN  HelperUtils.Parameters$ - 2zQ]m$k4d?5X7L[1mP@]V9kag1Z5jC7kM6fW9u^_:Mh/D|-eXK}U5gFPSh
19:39:47.224 [scala-execution-context-global-14] INFO  HelperUtils.Parameters$ - RtzE7;'wxJ8Nhwihabf1C6naf3Q8vC9r:K_u`E?;ZuXMcj;Am
19:39:57.010 [scala-execution-context-global-14] WARN  HelperUtils.Parameters$ - kdu5k,^zcg/D8qag0bf2bf1D5kR6gh'e"(UMgrW5
19:39:59.716 [scala-execution-context-global-14] INFO  HelperUtils.Parameters$ - ]^n5C=zqp.ag0X7sC6mU5wZ9hcg2P6g]b-rY9MMF[
19:40:03.525 [scala-execution-context-global-14] INFO  HelperUtils.Parameters$ - ~!OCm([Xz"f~)y,Pbx?_?sF[O%LC7hV6sbf1ce2O7jaf2cf2?;$^8U$zss}zy49p`A.sZSU,\UN
19:40:07.529 [scala-execution-context-global-14] INFO  HelperUtils.Parameters$ - Ta;=(cg[4|OxIh_JqUfuae1L9pX9oce1bg1(3`$fKT~t4d9`AB1@VET
19:40:13.941 [scala-execution-context-global-14] INFO  HelperUtils.Parameters$ - 3D0@-q2B#}!L+`|k_jd9R/A1>G6vbg2ce3E8obf3V5vYN=eqt5'<O$p9;]uBgT%6$je(
19:40:19.789 [scala-execution-context-global-14] WARN  HelperUtils.Parameters$ - XJ{7>xCRkhH;B9X5ncf0ae0Y6wB5uom=S@HUUp}r1R>
19:40:23.176 [scala-execution-context-global-14] INFO  HelperUtils.Parameters$ - kJ|Y(g7:FmS\_1Jaf3be2bg0F8gN9ice1y|`[*:r~jO4w-ia
19:40:26.822 [scala-execution-context-global-14] INFO  HelperUtils.Parameters$ - ^9\f`v&4MnFTcg2W5pJ8ibf3L7pbg1af0//b9Inp4.pq)
19:40:34.117 [scala-execution-context-global-14] INFO  HelperUtils.Parameters$ - _86vDHR{U^Q!Ffzw(Vece2ag3cg2J9iag3O5qcg3ag2af1Z8wXr\!HD7%~Zsf=*L>]N4
19:40:40.666 [scala-execution-context-global-14] INFO  HelperUtils.Parameters$ - `,w>)LFMG+U6oce1Y7sR6jZ8lI&k=Gj(:x`
19:40:41.942 [scala-execution-context-global-14] WARN  HelperUtils.Parameters$ - YoQN%.IKluhkfI(U0>X]^b9}~EK7uaf1ag2bf1ce0C8tD6jv/tx2*{F':;vO(-d|CZRh=Lj=_
19:40:46.428 [scala-execution-context-global-14] INFO  HelperUtils.Parameters$ - dg9+]%}Fis/R(#mJ[ng!:*M.hcg3C7lce2ag2W6haf3K8jH9kbf0bg2>qKF:^[ybax"LQJ*'?a}o#Mkm
19:40:48.975 [scala-execution-context-global-14] WARN  HelperUtils.Parameters$ - D4>\F,|;]Fbf$oeG|`AfR*iJce3C7sG7rU9fT8qJ\/(td)IrF9QIcf9X*c2nBk!
19:40:50.164 [scala-execution-context-global-14] WARN  HelperUtils.Parameters$ - >vG<l)IfNPwg/o=5s)-(c!P!\"W7lae1Y6rG5nR6fbg1J9q89~$WJO5G\Hm>wA,4\;[A(iN{g
19:40:52.081 [scala-execution-context-global-14] INFO  HelperUtils.Parameters$ - 2Y^}J^.6aDFf&X`A7hQ7kce3U8obg3J"g[Biuv^uUEB%{
19:40:53.173 [scala-execution-context-global-14] INFO  HelperUtils.Parameters$ - t<72lG]B8pT9jae0K6ubf2cf3^QG67"u
19:40:56.920 [scala-execution-context-global-14] INFO  HelperUtils.Parameters$ - /x.f";>^!:cf3P9ibf1cf0U7t.hjjuI@p7T
19:40:59.721 [scala-execution-context-global-14] INFO  HelperUtils.Parameters$ - #4HMLM*#2Aq^R`34t3b5nU(r5C_P~S5tbf0Y9wcg2be3ae2&kU4\\LP6JLg&ZrG=,OMk?Ht}WW?u
19:41:04.220 [scala-execution-context-global-14] INFO  HelperUtils.Parameters$ - IA5Cwki2$d"Ig6[y=eZb@qPo>Q8fR6mC6vI6sA7rCCm#5cRluyvXutaMMiKk4eDZ&
19:45:11.717 [scala-execution-context-global-14] ERROR  HelperUtils.Parameters$ - ]NxTaOYoa'iCP,n?mPZv#<xc~PL8sbe0cf3ce3Z7ice2/)ftD*HYy!+;R5RE%@M3XXE:B3
19:41:13.581 [scala-execution-context-global-14] INFO  HelperUtils.Parameters$ - &R+[pCg4SV(&?>h0H3Lb_hn>c[9<G"F7fY9pce3P9mE9mQ8mcf3K}('qF5{($h"T[/h;=56SV|sE'+dg~
19:41:22.993 [scala-execution-context-global-14] INFO  HelperUtils.Parameters$ - 0:HvU}*\_v.W7wY9uO8qae3T8fB9vae2M6iG7nQ6w1lno"OmeYf^
19:41:31.443 [scala-execution-context-global-14] WARN  HelperUtils.Parameters$ - 00/Sy_HL:ZZ1eec,(hinF7vbf2bg3cf2bf2Ha:\HDXLRo)'.s{y13*O
19:41:34.568 [scala-execution-context-global-14] WARN  HelperUtils.Parameters$ - -1j)rKfK5ncf0bg0R6vaf0[q[S-Rb
19:45:38.319 [scala-execution-context-global-14] ERROR  HelperUtils.Parameters$ - 8LCu4j0QMM\/lTR*{\j_z2vC6qB7vag0ce2af0CE&+TBG"Rp'~]~6%):nup>o
19:45:48.032 [scala-execution-context-global-14] INFO  HelperUtils.Parameters$ - <GT*[8U2|}Wt%xNAicg3bg3R8ibf2A9sG9ohsa{s-r2T!8yUXAJ~
19:41:53.740 [scala-execution-context-global-14] DEBUG HelperUtils.Parameters$ - ,^o(v)8+rQH+ci"KbB9fcg0ce1ag1J5jY7u(GkERiX0cyj@.(wfo
19:45:57.061 [scala-execution-context-global-14] ERROR  HelperUtils.Parameters$ - kRq|M7]_o*\$S5vO5mW9iS7gX8pP7wbf0F7fR5wV7lcf3bg2bf2S7jae08~5_=*q9';`"
19:45:57.062 [main] ERROR  GenerateLogData$ - Log data generation has completed after generating 100 records.
